<?xml version="1.0" encoding="UTF-8" ?>
<testsuite failures="0" time="0.002" errors="0" skipped="0" tests="3" name="com.nw.itext.processors.ParentFolderRuleMatcherTest">
  <properties>
[...]
</properties>
  <testcase time="0" classname="com.nw.itext.processors.ParentFolderRuleMatcherTest" name="test"/>
  <testcase time="0" classname="com.nw.itext.processors.ParentFolderRuleMatcherTest" name="testCountUps"/>
  <testcase time="0" classname="com.nw.itext.processors.ParentFolderRuleMatcherTest" name="testPopFolders"/>
</testsuite>